2020-09-17 08:45:43.066  INFO 16788 --- [restartedMain] top.iotequ.IotequStarterApplication      : Starting IotequStarterApplication on DESKTOP-9URD19E with PID 16788 (E:\J2EE\iotequ\3.0.1\starter\iotequstarter\target\classes started by qinyo in E:\J2EE\iotequ\3.0.1\starter)
2020-09-17 08:45:43.066  INFO 16788 --- [restartedMain] top.iotequ.IotequStarterApplication      : No active profile set, falling back to default profiles: default
2020-09-17 08:45:43.129  INFO 16788 --- [restartedMain] .e.DevToolsPropertyDefaultsPostProcessor : Devtools property defaults active! Set 'spring.devtools.add-properties' to 'false' to disable
2020-09-17 08:45:43.130  INFO 16788 --- [restartedMain] .e.DevToolsPropertyDefaultsPostProcessor : For additional web related logging consider setting the 'logging.level.web' property to 'DEBUG'
2020-09-17 08:45:44.040  INFO 16788 --- [restartedMain] .s.d.r.c.RepositoryConfigurationDelegate : Multiple Spring Data modules found, entering strict repository configuration mode!
2020-09-17 08:45:44.042  INFO 16788 --- [restartedMain] .s.d.r.c.RepositoryConfigurationDelegate : Bootstrapping Spring Data Redis repositories in DEFAULT mode.
2020-09-17 08:45:44.109  INFO 16788 --- [restartedMain] .s.d.r.c.RepositoryConfigurationDelegate : Finished Spring Data repository scanning in 52ms. Found 0 Redis repository interfaces.
2020-09-17 08:45:44.723  INFO 16788 --- [restartedMain] o.s.b.w.embedded.tomcat.TomcatWebServer  : Tomcat initialized with port(s): 8188 (http)
2020-09-17 08:45:44.730  INFO 16788 --- [restartedMain] o.apache.catalina.core.StandardService   : Starting service [Tomcat]
2020-09-17 08:45:44.731  INFO 16788 --- [restartedMain] org.apache.catalina.core.StandardEngine  : Starting Servlet engine: [Apache Tomcat/9.0.37]
2020-09-17 08:45:44.805  INFO 16788 --- [restartedMain] o.a.c.c.C.[Tomcat].[localhost].[/]       : Initializing Spring embedded WebApplicationContext
2020-09-17 08:45:44.805  INFO 16788 --- [restartedMain] w.s.c.ServletWebServerApplicationContext : Root WebApplicationContext: initialization completed in 1666 ms
2020-09-17 08:45:45.025  INFO 16788 --- [restartedMain] com.zaxxer.hikari.HikariDataSource       : HikariPool-1 - Starting...
2020-09-17 08:45:45.168  INFO 16788 --- [restartedMain] com.zaxxer.hikari.HikariDataSource       : HikariPool-1 - Start completed.
2020-09-17 08:45:46.120  INFO 16788 --- [restartedMain] top.iotequ.framework.bean.SpringContext  : Setup code = 35F8-32D8-296E-37C7-7C52-F069-6739-3930
2020-09-17 08:45:46.120  INFO 16788 --- [restartedMain] top.iotequ.framework.bean.SpringContext  : Home direction = E:\J2EE\iotequ\3.0.1\starter
2020-09-17 08:45:46.120  INFO 16788 --- [restartedMain] top.iotequ.framework.bean.SpringContext  : Node id = 823dfa07b4ca4b3b8f869ac39e96de86
2020-09-17 08:45:46.120  INFO 16788 --- [restartedMain] top.iotequ.framework.bean.SpringContext  : ----------------------------------------------------------------------------------------------
2020-09-17 08:45:46.224  INFO 16788 --- [restartedMain] o.s.s.concurrent.ThreadPoolTaskExecutor  : Initializing ExecutorService 'applicationTaskExecutor'
2020-09-17 08:45:46.706  INFO 16788 --- [restartedMain] jni.svas                                 : Load native libary E:\J2EE\iotequ\3.0.1\starter\svas.dll ...
2020-09-17 08:45:47.444  INFO 16788 --- [restartedMain] jni.svas                                 : JNI_OnLoad successed.
2020-09-17 08:45:47.470  INFO 16788 --- [restartedMain] jni.svas                                 : Setup code = 35F8-32D8-296E-37C7-7C52-F069-6739-3930
2020-09-17 08:45:47.470  INFO 16788 --- [restartedMain] jni.svas                                 : Serial number = 2090-B663-7907-628A-2796-148D-6039-7195
2020-09-17 08:45:47.470  INFO 16788 --- [restartedMain] jni.svas                                 : Info:    thresh=380
2020-09-17 08:45:47.470  INFO 16788 --- [restartedMain] jni.svas                                 : Initial: Svas version 3.0.1(47c) starting(h=localhost:3306,u=root,p=root,d=iotequ3)...
2020-09-17 08:45:49.364  INFO 16788 --- [restartedMain] jni.svas                                 : Load all: records = 309, licence = 2000000000, licence available = 1999999895
2020-09-17 08:45:49.566  INFO 16788 --- [restartedMain] jni.svas                                 : Load all: put data total=309
2020-09-17 08:45:49.946  INFO 16788 --- [restartedMain] o.s.s.web.DefaultSecurityFilterChain     : Creating filter chain: Ant [pattern='/'], []
2020-09-17 08:45:49.946  INFO 16788 --- [restartedMain] o.s.s.web.DefaultSecurityFilterChain     : Creating filter chain: Ant [pattern='/m/**'], []
2020-09-17 08:45:49.946  INFO 16788 --- [restartedMain] o.s.s.web.DefaultSecurityFilterChain     : Creating filter chain: Ant [pattern='/res/**'], []
2020-09-17 08:45:49.946  INFO 16788 --- [restartedMain] o.s.s.web.DefaultSecurityFilterChain     : Creating filter chain: Ant [pattern='/common/**'], []
2020-09-17 08:45:49.972  INFO 16788 --- [restartedMain] o.s.s.web.DefaultSecurityFilterChain     : Creating filter chain: OrRequestMatcher [requestMatchers=[Ant [pattern='/oauth/token'], Ant [pattern='/oauth/token_key'], Ant [pattern='/oauth/check_token']]], [org.springframework.security.web.context.request.async.WebAsyncManagerIntegrationFilter@1efd1a0d, org.springframework.security.web.context.SecurityContextPersistenceFilter@41197bc3, org.springframework.security.web.header.HeaderWriterFilter@2ecf3fc6, org.springframework.security.web.authentication.logout.LogoutFilter@f64bd99, org.springframework.security.oauth2.provider.client.ClientCredentialsTokenEndpointFilter@2f4ea408, org.springframework.security.web.authentication.www.BasicAuthenticationFilter@27a28b67, org.springframework.security.web.savedrequest.RequestCacheAwareFilter@78d055ee, org.springframework.security.web.servletapi.SecurityContextHolderAwareRequestFilter@271ab785, org.springframework.security.web.authentication.AnonymousAuthenticationFilter@7602c976, org.springframework.security.web.session.SessionManagementFilter@6784964c, org.springframework.security.web.access.ExceptionTranslationFilter@54102f1b, org.springframework.security.web.access.intercept.FilterSecurityInterceptor@4540fa4d]
2020-09-17 08:45:50.048  INFO 16788 --- [restartedMain] o.s.s.web.DefaultSecurityFilterChain     : Creating filter chain: any request, [org.springframework.security.web.context.request.async.WebAsyncManagerIntegrationFilter@20050d9a, org.springframework.security.web.context.SecurityContextPersistenceFilter@76f0e70a, org.springframework.security.web.header.HeaderWriterFilter@6f0b70dc, org.springframework.web.filter.CorsFilter@592243a0, org.springframework.security.web.authentication.logout.LogoutFilter@6956a47, org.springframework.security.web.authentication.UsernamePasswordAuthenticationFilter@27f642e, org.springframework.security.web.authentication.www.BasicAuthenticationFilter@1ad17de2, org.springframework.security.web.savedrequest.RequestCacheAwareFilter@6556581a, org.springframework.security.web.servletapi.SecurityContextHolderAwareRequestFilter@516f59fc, org.springframework.security.web.authentication.rememberme.RememberMeAuthenticationFilter@e47ce05, org.springframework.security.web.authentication.AnonymousAuthenticationFilter@58fda25d, org.springframework.security.web.session.SessionManagementFilter@77ca35e3, org.springframework.security.web.access.ExceptionTranslationFilter@d93c4da, org.springframework.security.web.access.intercept.FilterSecurityInterceptor@21ead733]
2020-09-17 08:45:50.055  INFO 16788 --- [restartedMain] o.s.s.web.DefaultSecurityFilterChain     : Creating filter chain: org.springframework.security.oauth2.config.annotation.web.configuration.ResourceServerConfiguration$NotOAuthRequestMatcher@234d684e, [org.springframework.security.web.context.request.async.WebAsyncManagerIntegrationFilter@585ac079, org.springframework.security.web.context.SecurityContextPersistenceFilter@62251019, org.springframework.security.web.header.HeaderWriterFilter@1128abff, org.springframework.security.web.authentication.logout.LogoutFilter@3caf5fdd, org.springframework.security.oauth2.provider.authentication.OAuth2AuthenticationProcessingFilter@5e1e2023, org.springframework.security.web.savedrequest.RequestCacheAwareFilter@28c07499, org.springframework.security.web.servletapi.SecurityContextHolderAwareRequestFilter@7ce3452d, org.springframework.security.web.authentication.AnonymousAuthenticationFilter@165403db, org.springframework.security.web.session.SessionManagementFilter@e508f3a, org.springframework.security.web.access.ExceptionTranslationFilter@50d35f83, org.springframework.security.web.access.intercept.FilterSecurityInterceptor@76c9c6d8]
2020-09-17 08:45:50.273  INFO 16788 --- [restartedMain] o.s.s.c.ThreadPoolTaskScheduler          : Initializing ExecutorService 'taskScheduler'
2020-09-17 08:45:50.302  INFO 16788 --- [restartedMain] o.s.b.d.a.OptionalLiveReloadServer       : LiveReload server is running on port 35729
2020-09-17 08:45:50.529  INFO 16788 --- [restartedMain] o.s.b.w.embedded.tomcat.TomcatWebServer  : Tomcat started on port(s): 8188 (http) with context path ''
2020-09-17 08:45:50.757  INFO 16788 --- [restartedMain] top.iotequ.IotequStarterApplication      : Started IotequStarterApplication in 8.141 seconds (JVM running for 9.506)
2020-09-17 08:45:50.757  INFO 16788 --- [restartedMain] top.iotequ.svasclient.SvasService        : ---------- Svas version 3.0.1, licence = 2000000000
2020-09-17 08:45:50.757 ERROR 16788 --- [pool-2-thread-1] c.s.D10Device.protocol.DeviceControlApi  : logger open
2020-09-17 08:45:50.757 ERROR 16788 --- [pool-2-thread-1] c.s.D10Device.protocol.DeviceControlApi  : serverSocket port= 87 started
2020-09-17 08:45:50.821  INFO 16788 --- [http-nio-8188-exec-3] o.a.c.c.C.[Tomcat].[localhost].[/]       : Initializing Spring DispatcherServlet 'dispatcherServlet'
2020-09-17 08:45:50.821  INFO 16788 --- [http-nio-8188-exec-3] o.s.web.servlet.DispatcherServlet        : Initializing Servlet 'dispatcherServlet'
2020-09-17 08:45:50.826  INFO 16788 --- [http-nio-8188-exec-3] o.s.web.servlet.DispatcherServlet        : Completed initialization in 5 ms
2020-09-17 08:45:50.858  INFO 16788 --- [restartedMain] t.i.a.e.service.impl.AdEmployeeService   : ---------- attendance version,licence = 100
2020-09-17 08:45:50.951  INFO 16788 --- [Thread-26] t.i.r.service.impl.D10ClientService      : RegistNotify ok
2020-09-17 08:45:50.973  INFO 16788 --- [restartedMain] t.i.p.p.service.impl.PmPeopleService     : ---------- project version,licence = 10
2020-09-17 08:45:51.047  INFO 16788 --- [restartedMain] t.i.p.p.service.impl.PmProjectService    : ---------- project version,licence = 10
2020-09-17 08:45:51.150  INFO 16788 --- [restartedMain] t.i.r.service.impl.DevReaderService      : ---------- reader version,licence = 10
2020-09-17 09:10:36.241  INFO 16788 --- [SpringContextShutdownHook] o.s.s.c.ThreadPoolTaskScheduler          : Shutting down ExecutorService 'taskScheduler'
2020-09-17 09:10:36.243  INFO 16788 --- [SpringContextShutdownHook] o.s.s.concurrent.ThreadPoolTaskExecutor  : Shutting down ExecutorService 'applicationTaskExecutor'
2020-09-17 09:10:36.262  INFO 16788 --- [SpringContextShutdownHook] com.zaxxer.hikari.HikariDataSource       : HikariPool-1 - Shutdown initiated...
2020-09-17 09:10:36.267  INFO 16788 --- [SpringContextShutdownHook] com.zaxxer.hikari.HikariDataSource       : HikariPool-1 - Shutdown completed.
2020-09-17 09:23:20.941  INFO 12776 --- [restartedMain] top.iotequ.IotequStarterApplication      : Starting IotequStarterApplication on DESKTOP-9URD19E with PID 12776 (E:\J2EE\iotequ\3.0.1\starter\iotequstarter\target\classes started by qinyo in E:\J2EE\iotequ\3.0.1\starter)
2020-09-17 09:23:20.942  INFO 12776 --- [restartedMain] top.iotequ.IotequStarterApplication      : No active profile set, falling back to default profiles: default
2020-09-17 09:23:20.988  INFO 12776 --- [restartedMain] .e.DevToolsPropertyDefaultsPostProcessor : Devtools property defaults active! Set 'spring.devtools.add-properties' to 'false' to disable
2020-09-17 09:23:20.989  INFO 12776 --- [restartedMain] .e.DevToolsPropertyDefaultsPostProcessor : For additional web related logging consider setting the 'logging.level.web' property to 'DEBUG'
2020-09-17 09:23:21.866  INFO 12776 --- [restartedMain] .s.d.r.c.RepositoryConfigurationDelegate : Multiple Spring Data modules found, entering strict repository configuration mode!
2020-09-17 09:23:21.867  INFO 12776 --- [restartedMain] .s.d.r.c.RepositoryConfigurationDelegate : Bootstrapping Spring Data Redis repositories in DEFAULT mode.
2020-09-17 09:23:21.940  INFO 12776 --- [restartedMain] .s.d.r.c.RepositoryConfigurationDelegate : Finished Spring Data repository scanning in 60ms. Found 0 Redis repository interfaces.
2020-09-17 09:23:22.501  INFO 12776 --- [restartedMain] o.s.b.w.embedded.tomcat.TomcatWebServer  : Tomcat initialized with port(s): 8188 (http)
2020-09-17 09:23:22.508  INFO 12776 --- [restartedMain] o.apache.catalina.core.StandardService   : Starting service [Tomcat]
2020-09-17 09:23:22.508  INFO 12776 --- [restartedMain] org.apache.catalina.core.StandardEngine  : Starting Servlet engine: [Apache Tomcat/9.0.37]
2020-09-17 09:23:22.592  INFO 12776 --- [restartedMain] o.a.c.c.C.[Tomcat].[localhost].[/]       : Initializing Spring embedded WebApplicationContext
2020-09-17 09:23:22.593  INFO 12776 --- [restartedMain] w.s.c.ServletWebServerApplicationContext : Root WebApplicationContext: initialization completed in 1604 ms
2020-09-17 09:23:22.795  INFO 12776 --- [restartedMain] com.zaxxer.hikari.HikariDataSource       : HikariPool-1 - Starting...
2020-09-17 09:23:22.917  INFO 12776 --- [restartedMain] com.zaxxer.hikari.HikariDataSource       : HikariPool-1 - Start completed.
2020-09-17 09:23:23.790  INFO 12776 --- [restartedMain] top.iotequ.framework.bean.SpringContext  : Setup code = 35F8-32D8-296E-37C7-7C52-F069-6739-3930
2020-09-17 09:23:23.790  INFO 12776 --- [restartedMain] top.iotequ.framework.bean.SpringContext  : Home direction = E:\J2EE\iotequ\3.0.1\starter
2020-09-17 09:23:23.790  INFO 12776 --- [restartedMain] top.iotequ.framework.bean.SpringContext  : Node id = ef4da9a1421b4ffab666a13c60a545c6
2020-09-17 09:23:23.790  INFO 12776 --- [restartedMain] top.iotequ.framework.bean.SpringContext  : ----------------------------------------------------------------------------------------------
2020-09-17 09:23:23.885  INFO 12776 --- [restartedMain] o.s.s.concurrent.ThreadPoolTaskExecutor  : Initializing ExecutorService 'applicationTaskExecutor'
2020-09-17 09:23:24.371  INFO 12776 --- [restartedMain] jni.svas                                 : Load native libary E:\J2EE\iotequ\3.0.1\starter\svas.dll ...
2020-09-17 09:23:24.388  INFO 12776 --- [restartedMain] jni.svas                                 : JNI_OnLoad successed.
2020-09-17 09:23:24.405  INFO 12776 --- [restartedMain] jni.svas                                 : Setup code = 35F8-32D8-296E-37C7-7C52-F069-6739-3930
2020-09-17 09:23:24.405  INFO 12776 --- [restartedMain] jni.svas                                 : Serial number = 2090-B663-7907-628A-2796-148D-6039-7195
2020-09-17 09:23:24.405  INFO 12776 --- [restartedMain] jni.svas                                 : Info:    thresh=380
2020-09-17 09:23:24.405  INFO 12776 --- [restartedMain] jni.svas                                 : Initial: Svas version 3.0.1(47c) starting(h=localhost:3306,u=root,p=root,d=iotequ3)...
2020-09-17 09:23:24.422  INFO 12776 --- [restartedMain] jni.svas                                 : Load all: records = 309, licence = 2000000000, licence available = 1999999895
2020-09-17 09:23:24.426  INFO 12776 --- [restartedMain] jni.svas                                 : Load all: put data total=309
2020-09-17 09:23:24.758  INFO 12776 --- [restartedMain] o.s.s.web.DefaultSecurityFilterChain     : Creating filter chain: Ant [pattern='/'], []
2020-09-17 09:23:24.758  INFO 12776 --- [restartedMain] o.s.s.web.DefaultSecurityFilterChain     : Creating filter chain: Ant [pattern='/m/**'], []
2020-09-17 09:23:24.758  INFO 12776 --- [restartedMain] o.s.s.web.DefaultSecurityFilterChain     : Creating filter chain: Ant [pattern='/res/**'], []
2020-09-17 09:23:24.758  INFO 12776 --- [restartedMain] o.s.s.web.DefaultSecurityFilterChain     : Creating filter chain: Ant [pattern='/common/**'], []
2020-09-17 09:23:24.785  INFO 12776 --- [restartedMain] o.s.s.web.DefaultSecurityFilterChain     : Creating filter chain: OrRequestMatcher [requestMatchers=[Ant [pattern='/oauth/token'], Ant [pattern='/oauth/token_key'], Ant [pattern='/oauth/check_token']]], [org.springframework.security.web.context.request.async.WebAsyncManagerIntegrationFilter@69d5a5e7, org.springframework.security.web.context.SecurityContextPersistenceFilter@7ab8a9cd, org.springframework.security.web.header.HeaderWriterFilter@4688f155, org.springframework.security.web.authentication.logout.LogoutFilter@28c6035f, org.springframework.security.oauth2.provider.client.ClientCredentialsTokenEndpointFilter@2e3e1ae6, org.springframework.security.web.authentication.www.BasicAuthenticationFilter@6b9b3d39, org.springframework.security.web.savedrequest.RequestCacheAwareFilter@705391f6, org.springframework.security.web.servletapi.SecurityContextHolderAwareRequestFilter@499d5393, org.springframework.security.web.authentication.AnonymousAuthenticationFilter@1f5442a2, org.springframework.security.web.session.SessionManagementFilter@29689003, org.springframework.security.web.access.ExceptionTranslationFilter@60a49d22, org.springframework.security.web.access.intercept.FilterSecurityInterceptor@43fb1d44]
2020-09-17 09:23:24.857  INFO 12776 --- [restartedMain] o.s.s.web.DefaultSecurityFilterChain     : Creating filter chain: any request, [org.springframework.security.web.context.request.async.WebAsyncManagerIntegrationFilter@7272a386, org.springframework.security.web.context.SecurityContextPersistenceFilter@2d07e875, org.springframework.security.web.header.HeaderWriterFilter@395ea58c, org.springframework.web.filter.CorsFilter@845b2dd, org.springframework.security.web.authentication.logout.LogoutFilter@7ed0e555, org.springframework.security.web.authentication.UsernamePasswordAuthenticationFilter@59ffa57, org.springframework.security.web.authentication.www.BasicAuthenticationFilter@17209944, org.springframework.security.web.savedrequest.RequestCacheAwareFilter@610f4d0d, org.springframework.security.web.servletapi.SecurityContextHolderAwareRequestFilter@2d31e665, org.springframework.security.web.authentication.rememberme.RememberMeAuthenticationFilter@5eea59c1, org.springframework.security.web.authentication.AnonymousAuthenticationFilter@4ccc5d0c, org.springframework.security.web.session.SessionManagementFilter@24bcb95a, org.springframework.security.web.access.ExceptionTranslationFilter@40e184bc, org.springframework.security.web.access.intercept.FilterSecurityInterceptor@6bb665e6]
2020-09-17 09:23:24.864  INFO 12776 --- [restartedMain] o.s.s.web.DefaultSecurityFilterChain     : Creating filter chain: org.springframework.security.oauth2.config.annotation.web.configuration.ResourceServerConfiguration$NotOAuthRequestMatcher@539731f4, [org.springframework.security.web.context.request.async.WebAsyncManagerIntegrationFilter@17064558, org.springframework.security.web.context.SecurityContextPersistenceFilter@9348f82, org.springframework.security.web.header.HeaderWriterFilter@144d2ade, org.springframework.security.web.authentication.logout.LogoutFilter@cb32354, org.springframework.security.oauth2.provider.authentication.OAuth2AuthenticationProcessingFilter@5d0468ac, org.springframework.security.web.savedrequest.RequestCacheAwareFilter@404cf3bd, org.springframework.security.web.servletapi.SecurityContextHolderAwareRequestFilter@3daa3ab0, org.springframework.security.web.authentication.AnonymousAuthenticationFilter@370f9af7, org.springframework.security.web.session.SessionManagementFilter@4f4a754b, org.springframework.security.web.access.ExceptionTranslationFilter@5613e455, org.springframework.security.web.access.intercept.FilterSecurityInterceptor@139ad1a7]
2020-09-17 09:23:25.079  INFO 12776 --- [restartedMain] o.s.s.c.ThreadPoolTaskScheduler          : Initializing ExecutorService 'taskScheduler'
2020-09-17 09:23:25.097  INFO 12776 --- [restartedMain] o.s.b.d.a.OptionalLiveReloadServer       : LiveReload server is running on port 35729
2020-09-17 09:23:25.269  INFO 12776 --- [restartedMain] o.s.b.w.embedded.tomcat.TomcatWebServer  : Tomcat started on port(s): 8188 (http) with context path ''
2020-09-17 09:23:25.491  INFO 12776 --- [restartedMain] top.iotequ.IotequStarterApplication      : Started IotequStarterApplication in 4.913 seconds (JVM running for 5.702)
2020-09-17 09:23:25.495  INFO 12776 --- [restartedMain] top.iotequ.svasclient.SvasService        : ---------- Svas version 3.0.1, licence = 2000000000
2020-09-17 09:23:25.497 ERROR 12776 --- [pool-1-thread-1] c.s.D10Device.protocol.DeviceControlApi  : logger open
2020-09-17 09:23:25.497 ERROR 12776 --- [pool-1-thread-1] c.s.D10Device.protocol.DeviceControlApi  : serverSocket port= 87 started
2020-09-17 09:23:25.543  INFO 12776 --- [http-nio-8188-exec-1] o.a.c.c.C.[Tomcat].[localhost].[/]       : Initializing Spring DispatcherServlet 'dispatcherServlet'
2020-09-17 09:23:25.544  INFO 12776 --- [http-nio-8188-exec-1] o.s.web.servlet.DispatcherServlet        : Initializing Servlet 'dispatcherServlet'
2020-09-17 09:23:25.550  INFO 12776 --- [http-nio-8188-exec-1] o.s.web.servlet.DispatcherServlet        : Completed initialization in 6 ms
2020-09-17 09:23:25.599  INFO 12776 --- [restartedMain] t.i.a.e.service.impl.AdEmployeeService   : ---------- attendance version,licence = 100
2020-09-17 09:23:25.666  INFO 12776 --- [Thread-20] t.i.r.service.impl.D10ClientService      : RegistNotify ok
2020-09-17 09:23:25.709  INFO 12776 --- [restartedMain] t.i.p.p.service.impl.PmPeopleService     : ---------- project version,licence = 10
2020-09-17 09:23:25.778  INFO 12776 --- [restartedMain] t.i.p.p.service.impl.PmProjectService    : ---------- project version,licence = 10
2020-09-17 09:23:25.884  INFO 12776 --- [restartedMain] t.i.r.service.impl.DevReaderService      : ---------- reader version,licence = 10
2020-09-17 10:09:39.447  INFO 12776 --- [SpringContextShutdownHook] o.s.s.c.ThreadPoolTaskScheduler          : Shutting down ExecutorService 'taskScheduler'
2020-09-17 10:09:39.447  INFO 12776 --- [SpringContextShutdownHook] o.s.s.concurrent.ThreadPoolTaskExecutor  : Shutting down ExecutorService 'applicationTaskExecutor'
2020-09-17 10:09:39.464  INFO 12776 --- [SpringContextShutdownHook] com.zaxxer.hikari.HikariDataSource       : HikariPool-1 - Shutdown initiated...
2020-09-17 10:09:39.480  INFO 12776 --- [SpringContextShutdownHook] com.zaxxer.hikari.HikariDataSource       : HikariPool-1 - Shutdown completed.
2020-09-17 10:09:41.778  INFO 12836 --- [restartedMain] top.iotequ.IotequStarterApplication      : Starting IotequStarterApplication on DESKTOP-9URD19E with PID 12836 (E:\J2EE\iotequ\3.0.1\starter\iotequstarter\target\classes started by qinyo in E:\J2EE\iotequ\3.0.1\starter)
2020-09-17 10:09:41.778  INFO 12836 --- [restartedMain] top.iotequ.IotequStarterApplication      : No active profile set, falling back to default profiles: default
2020-09-17 10:09:41.825  INFO 12836 --- [restartedMain] .e.DevToolsPropertyDefaultsPostProcessor : Devtools property defaults active! Set 'spring.devtools.add-properties' to 'false' to disable
2020-09-17 10:09:41.825  INFO 12836 --- [restartedMain] .e.DevToolsPropertyDefaultsPostProcessor : For additional web related logging consider setting the 'logging.level.web' property to 'DEBUG'
2020-09-17 10:09:42.608  INFO 12836 --- [restartedMain] .s.d.r.c.RepositoryConfigurationDelegate : Multiple Spring Data modules found, entering strict repository configuration mode!
2020-09-17 10:09:42.608  INFO 12836 --- [restartedMain] .s.d.r.c.RepositoryConfigurationDelegate : Bootstrapping Spring Data Redis repositories in DEFAULT mode.
2020-09-17 10:09:42.671  INFO 12836 --- [restartedMain] .s.d.r.c.RepositoryConfigurationDelegate : Finished Spring Data repository scanning in 57ms. Found 0 Redis repository interfaces.
2020-09-17 10:09:43.237  INFO 12836 --- [restartedMain] o.s.b.w.embedded.tomcat.TomcatWebServer  : Tomcat initialized with port(s): 8188 (http)
2020-09-17 10:09:43.237  INFO 12836 --- [restartedMain] o.apache.catalina.core.StandardService   : Starting service [Tomcat]
2020-09-17 10:09:43.237  INFO 12836 --- [restartedMain] org.apache.catalina.core.StandardEngine  : Starting Servlet engine: [Apache Tomcat/9.0.37]
2020-09-17 10:09:43.315  INFO 12836 --- [restartedMain] o.a.c.c.C.[Tomcat].[localhost].[/]       : Initializing Spring embedded WebApplicationContext
2020-09-17 10:09:43.315  INFO 12836 --- [restartedMain] w.s.c.ServletWebServerApplicationContext : Root WebApplicationContext: initialization completed in 1490 ms
2020-09-17 10:09:43.504  INFO 12836 --- [restartedMain] com.zaxxer.hikari.HikariDataSource       : HikariPool-1 - Starting...
2020-09-17 10:09:43.613  INFO 12836 --- [restartedMain] com.zaxxer.hikari.HikariDataSource       : HikariPool-1 - Start completed.
2020-09-17 10:09:44.459  INFO 12836 --- [restartedMain] top.iotequ.framework.bean.SpringContext  : Setup code = 35F8-32D8-296E-37C7-7C52-F069-6739-3930
2020-09-17 10:09:44.459  INFO 12836 --- [restartedMain] top.iotequ.framework.bean.SpringContext  : Home direction = E:\J2EE\iotequ\3.0.1\starter
2020-09-17 10:09:44.459  INFO 12836 --- [restartedMain] top.iotequ.framework.bean.SpringContext  : Node id = 7ab798f9f3b24ff5a854f46e398155a9
2020-09-17 10:09:44.459  INFO 12836 --- [restartedMain] top.iotequ.framework.bean.SpringContext  : ----------------------------------------------------------------------------------------------
2020-09-17 10:09:44.553  INFO 12836 --- [restartedMain] o.s.s.concurrent.ThreadPoolTaskExecutor  : Initializing ExecutorService 'applicationTaskExecutor'
2020-09-17 10:09:45.038  INFO 12836 --- [restartedMain] jni.svas                                 : Load native libary E:\J2EE\iotequ\3.0.1\starter\svas.dll ...
2020-09-17 10:09:45.038  INFO 12836 --- [restartedMain] jni.svas                                 : JNI_OnLoad successed.
2020-09-17 10:09:45.053  INFO 12836 --- [restartedMain] jni.svas                                 : Setup code = 35F8-32D8-296E-37C7-7C52-F069-6739-3930
2020-09-17 10:09:45.053  INFO 12836 --- [restartedMain] jni.svas                                 : Serial number = 2090-B663-7907-628A-2796-148D-6039-7195
2020-09-17 10:09:45.053  INFO 12836 --- [restartedMain] jni.svas                                 : Info:    thresh=380
2020-09-17 10:09:45.053  INFO 12836 --- [restartedMain] jni.svas                                 : Initial: Svas version 3.0.1(47c) starting(h=localhost:3306,u=root,p=root,d=iotequ3)...
2020-09-17 10:09:45.069  INFO 12836 --- [restartedMain] jni.svas                                 : Load all: records = 309, licence = 2000000000, licence available = 1999999895
2020-09-17 10:09:45.069  INFO 12836 --- [restartedMain] jni.svas                                 : Load all: put data total=309
2020-09-17 10:09:45.366  INFO 12836 --- [restartedMain] o.s.s.web.DefaultSecurityFilterChain     : Creating filter chain: Ant [pattern='/'], []
2020-09-17 10:09:45.366  INFO 12836 --- [restartedMain] o.s.s.web.DefaultSecurityFilterChain     : Creating filter chain: Ant [pattern='/m/**'], []
2020-09-17 10:09:45.366  INFO 12836 --- [restartedMain] o.s.s.web.DefaultSecurityFilterChain     : Creating filter chain: Ant [pattern='/res/**'], []
2020-09-17 10:09:45.366  INFO 12836 --- [restartedMain] o.s.s.web.DefaultSecurityFilterChain     : Creating filter chain: Ant [pattern='/common/**'], []
2020-09-17 10:09:45.397  INFO 12836 --- [restartedMain] o.s.s.web.DefaultSecurityFilterChain     : Creating filter chain: OrRequestMatcher [requestMatchers=[Ant [pattern='/oauth/token'], Ant [pattern='/oauth/token_key'], Ant [pattern='/oauth/check_token']]], [org.springframework.security.web.context.request.async.WebAsyncManagerIntegrationFilter@430579f6, org.springframework.security.web.context.SecurityContextPersistenceFilter@b0a722b, org.springframework.security.web.header.HeaderWriterFilter@17c5fcb4, org.springframework.security.web.authentication.logout.LogoutFilter@4b1163c4, org.springframework.security.oauth2.provider.client.ClientCredentialsTokenEndpointFilter@62067d55, org.springframework.security.web.authentication.www.BasicAuthenticationFilter@40ade20d, org.springframework.security.web.savedrequest.RequestCacheAwareFilter@57ca107c, org.springframework.security.web.servletapi.SecurityContextHolderAwareRequestFilter@6509c276, org.springframework.security.web.authentication.AnonymousAuthenticationFilter@730a30d9, org.springframework.security.web.session.SessionManagementFilter@5bcbecec, org.springframework.security.web.access.ExceptionTranslationFilter@8a1575, org.springframework.security.web.access.intercept.FilterSecurityInterceptor@7a20cd04]
2020-09-17 10:09:45.459  INFO 12836 --- [restartedMain] o.s.s.web.DefaultSecurityFilterChain     : Creating filter chain: any request, [org.springframework.security.web.context.request.async.WebAsyncManagerIntegrationFilter@271ce414, org.springframework.security.web.context.SecurityContextPersistenceFilter@1d60bf3e, org.springframework.security.web.header.HeaderWriterFilter@2169985f, org.springframework.web.filter.CorsFilter@77eda64c, org.springframework.security.web.authentication.logout.LogoutFilter@4bc011e4, org.springframework.security.web.authentication.UsernamePasswordAuthenticationFilter@c1b974c, org.springframework.security.web.authentication.www.BasicAuthenticationFilter@5872e476, org.springframework.security.web.savedrequest.RequestCacheAwareFilter@1c611a0b, org.springframework.security.web.servletapi.SecurityContextHolderAwareRequestFilter@7127c2b8, org.springframework.security.web.authentication.rememberme.RememberMeAuthenticationFilter@3a1ab9c1, org.springframework.security.web.authentication.AnonymousAuthenticationFilter@51f8440c, org.springframework.security.web.session.SessionManagementFilter@696975b4, org.springframework.security.web.access.ExceptionTranslationFilter@2f75debf, org.springframework.security.web.access.intercept.FilterSecurityInterceptor@207754ed]
2020-09-17 10:09:45.475  INFO 12836 --- [restartedMain] o.s.s.web.DefaultSecurityFilterChain     : Creating filter chain: org.springframework.security.oauth2.config.annotation.web.configuration.ResourceServerConfiguration$NotOAuthRequestMatcher@52d803, [org.springframework.security.web.context.request.async.WebAsyncManagerIntegrationFilter@1233e4f7, org.springframework.security.web.context.SecurityContextPersistenceFilter@5addacba, org.springframework.security.web.header.HeaderWriterFilter@701b402e, org.springframework.security.web.authentication.logout.LogoutFilter@5f6d0ff9, org.springframework.security.oauth2.provider.authentication.OAuth2AuthenticationProcessingFilter@38a458f3, org.springframework.security.web.savedrequest.RequestCacheAwareFilter@5aa9bd51, org.springframework.security.web.servletapi.SecurityContextHolderAwareRequestFilter@70199c1a, org.springframework.security.web.authentication.AnonymousAuthenticationFilter@39a9ba4d, org.springframework.security.web.session.SessionManagementFilter@461bcf1d, org.springframework.security.web.access.ExceptionTranslationFilter@34868e4e, org.springframework.security.web.access.intercept.FilterSecurityInterceptor@455ec6a3]
2020-09-17 10:09:45.664  INFO 12836 --- [restartedMain] o.s.s.c.ThreadPoolTaskScheduler          : Initializing ExecutorService 'taskScheduler'
2020-09-17 10:09:45.679  INFO 12836 --- [restartedMain] o.s.b.d.a.OptionalLiveReloadServer       : LiveReload server is running on port 35729
2020-09-17 10:09:45.868  INFO 12836 --- [restartedMain] o.s.b.w.embedded.tomcat.TomcatWebServer  : Tomcat started on port(s): 8188 (http) with context path ''
2020-09-17 10:09:46.087  INFO 12836 --- [restartedMain] top.iotequ.IotequStarterApplication      : Started IotequStarterApplication in 4.593 seconds (JVM running for 5.256)
2020-09-17 10:09:46.087  INFO 12836 --- [restartedMain] top.iotequ.svasclient.SvasService        : ---------- Svas version 3.0.1, licence = 2000000000
2020-09-17 10:09:46.102 ERROR 12836 --- [pool-1-thread-1] c.s.D10Device.protocol.DeviceControlApi  : logger open
2020-09-17 10:09:46.102 ERROR 12836 --- [pool-1-thread-1] c.s.D10Device.protocol.DeviceControlApi  : serverSocket port= 87 started
2020-09-17 10:09:46.134  INFO 12836 --- [http-nio-8188-exec-1] o.a.c.c.C.[Tomcat].[localhost].[/]       : Initializing Spring DispatcherServlet 'dispatcherServlet'
2020-09-17 10:09:46.149  INFO 12836 --- [http-nio-8188-exec-1] o.s.web.servlet.DispatcherServlet        : Initializing Servlet 'dispatcherServlet'
2020-09-17 10:09:46.149  INFO 12836 --- [http-nio-8188-exec-1] o.s.web.servlet.DispatcherServlet        : Completed initialization in 0 ms
2020-09-17 10:09:46.196  INFO 12836 --- [restartedMain] t.i.a.e.service.impl.AdEmployeeService   : ---------- attendance version,licence = 100
2020-09-17 10:09:46.259  INFO 12836 --- [Thread-19] t.i.r.service.impl.D10ClientService      : RegistNotify ok
2020-09-17 10:09:46.305  INFO 12836 --- [restartedMain] t.i.p.p.service.impl.PmPeopleService     : ---------- project version,licence = 10
2020-09-17 10:09:46.380  INFO 12836 --- [restartedMain] t.i.p.p.service.impl.PmProjectService    : ---------- project version,licence = 10
2020-09-17 10:09:46.489  INFO 12836 --- [restartedMain] t.i.r.service.impl.DevReaderService      : ---------- reader version,licence = 10
2020-09-17 10:09:53.416  INFO 12836 --- [SpringContextShutdownHook] o.s.s.c.ThreadPoolTaskScheduler          : Shutting down ExecutorService 'taskScheduler'
2020-09-17 10:09:53.416  INFO 12836 --- [SpringContextShutdownHook] o.s.s.concurrent.ThreadPoolTaskExecutor  : Shutting down ExecutorService 'applicationTaskExecutor'
2020-09-17 10:09:53.431  INFO 12836 --- [SpringContextShutdownHook] com.zaxxer.hikari.HikariDataSource       : HikariPool-1 - Shutdown initiated...
2020-09-17 10:09:53.431  INFO 12836 --- [SpringContextShutdownHook] com.zaxxer.hikari.HikariDataSource       : HikariPool-1 - Shutdown completed.
2020-09-17 10:16:47.255  INFO 2468 --- [restartedMain] top.iotequ.IotequStarterApplication      : Starting IotequStarterApplication on DESKTOP-9URD19E with PID 2468 (E:\J2EE\iotequ\3.0.1\starter\iotequstarter\target\classes started by qinyo in E:\J2EE\iotequ\3.0.1\starter)
2020-09-17 10:16:47.255  INFO 2468 --- [restartedMain] top.iotequ.IotequStarterApplication      : No active profile set, falling back to default profiles: default
2020-09-17 10:16:47.287  INFO 2468 --- [restartedMain] .e.DevToolsPropertyDefaultsPostProcessor : Devtools property defaults active! Set 'spring.devtools.add-properties' to 'false' to disable
2020-09-17 10:16:47.287  INFO 2468 --- [restartedMain] .e.DevToolsPropertyDefaultsPostProcessor : For additional web related logging consider setting the 'logging.level.web' property to 'DEBUG'
2020-09-17 10:16:48.094  INFO 2468 --- [restartedMain] .s.d.r.c.RepositoryConfigurationDelegate : Multiple Spring Data modules found, entering strict repository configuration mode!
2020-09-17 10:16:48.094  INFO 2468 --- [restartedMain] .s.d.r.c.RepositoryConfigurationDelegate : Bootstrapping Spring Data Redis repositories in DEFAULT mode.
2020-09-17 10:16:48.173  INFO 2468 --- [restartedMain] .s.d.r.c.RepositoryConfigurationDelegate : Finished Spring Data repository scanning in 59ms. Found 0 Redis repository interfaces.
2020-09-17 10:16:48.738  INFO 2468 --- [restartedMain] o.s.b.w.embedded.tomcat.TomcatWebServer  : Tomcat initialized with port(s): 8188 (http)
2020-09-17 10:16:48.753  INFO 2468 --- [restartedMain] o.apache.catalina.core.StandardService   : Starting service [Tomcat]
2020-09-17 10:16:48.753  INFO 2468 --- [restartedMain] org.apache.catalina.core.StandardEngine  : Starting Servlet engine: [Apache Tomcat/9.0.37]
2020-09-17 10:16:48.840  INFO 2468 --- [restartedMain] o.a.c.c.C.[Tomcat].[localhost].[/]       : Initializing Spring embedded WebApplicationContext
2020-09-17 10:16:48.840  INFO 2468 --- [restartedMain] w.s.c.ServletWebServerApplicationContext : Root WebApplicationContext: initialization completed in 1553 ms
2020-09-17 10:16:49.029  INFO 2468 --- [restartedMain] com.zaxxer.hikari.HikariDataSource       : HikariPool-1 - Starting...
2020-09-17 10:16:49.185  INFO 2468 --- [restartedMain] com.zaxxer.hikari.HikariDataSource       : HikariPool-1 - Start completed.
2020-09-17 10:16:50.016  INFO 2468 --- [restartedMain] top.iotequ.framework.bean.SpringContext  : Setup code = 35F8-32D8-296E-37C7-7C52-F069-6739-3930
2020-09-17 10:16:50.016  INFO 2468 --- [restartedMain] top.iotequ.framework.bean.SpringContext  : Home direction = E:\J2EE\iotequ\3.0.1\starter
2020-09-17 10:16:50.016  INFO 2468 --- [restartedMain] top.iotequ.framework.bean.SpringContext  : Node id = 74eefc4759d84c0e94b0124803215a0d
2020-09-17 10:16:50.016  INFO 2468 --- [restartedMain] top.iotequ.framework.bean.SpringContext  : ----------------------------------------------------------------------------------------------
2020-09-17 10:16:50.110  INFO 2468 --- [restartedMain] o.s.s.concurrent.ThreadPoolTaskExecutor  : Initializing ExecutorService 'applicationTaskExecutor'
2020-09-17 10:16:50.578  INFO 2468 --- [restartedMain] jni.svas                                 : Load native libary E:\J2EE\iotequ\3.0.1\starter\svas.dll ...
2020-09-17 10:16:50.594  INFO 2468 --- [restartedMain] jni.svas                                 : JNI_OnLoad successed.
2020-09-17 10:16:50.610  INFO 2468 --- [restartedMain] jni.svas                                 : Setup code = 35F8-32D8-296E-37C7-7C52-F069-6739-3930
2020-09-17 10:16:50.610  INFO 2468 --- [restartedMain] jni.svas                                 : Serial number = 2090-B663-7907-628A-2796-148D-6039-7195
2020-09-17 10:16:50.610  INFO 2468 --- [restartedMain] jni.svas                                 : Info:    thresh=380
2020-09-17 10:16:50.610  INFO 2468 --- [restartedMain] jni.svas                                 : Initial: Svas version 3.0.1(47c) starting(h=localhost:3306,u=root,p=root,d=iotequ3)...
2020-09-17 10:16:50.625  INFO 2468 --- [restartedMain] jni.svas                                 : Load all: records = 309, licence = 2000000000, licence available = 1999999895
2020-09-17 10:16:50.625  INFO 2468 --- [restartedMain] jni.svas                                 : Load all: put data total=309
2020-09-17 10:16:50.939  INFO 2468 --- [restartedMain] o.s.s.web.DefaultSecurityFilterChain     : Creating filter chain: Ant [pattern='/'], []
2020-09-17 10:16:50.939  INFO 2468 --- [restartedMain] o.s.s.web.DefaultSecurityFilterChain     : Creating filter chain: Ant [pattern='/m/**'], []
2020-09-17 10:16:50.939  INFO 2468 --- [restartedMain] o.s.s.web.DefaultSecurityFilterChain     : Creating filter chain: Ant [pattern='/res/**'], []
2020-09-17 10:16:50.939  INFO 2468 --- [restartedMain] o.s.s.web.DefaultSecurityFilterChain     : Creating filter chain: Ant [pattern='/common/**'], []
2020-09-17 10:16:50.970  INFO 2468 --- [restartedMain] o.s.s.web.DefaultSecurityFilterChain     : Creating filter chain: OrRequestMatcher [requestMatchers=[Ant [pattern='/oauth/token'], Ant [pattern='/oauth/token_key'], Ant [pattern='/oauth/check_token']]], [org.springframework.security.web.context.request.async.WebAsyncManagerIntegrationFilter@46842518, org.springframework.security.web.context.SecurityContextPersistenceFilter@263e47d5, org.springframework.security.web.header.HeaderWriterFilter@53a67e41, org.springframework.security.web.authentication.logout.LogoutFilter@7d278e1, org.springframework.security.oauth2.provider.client.ClientCredentialsTokenEndpointFilter@1567443e, org.springframework.security.web.authentication.www.BasicAuthenticationFilter@72cf1523, org.springframework.security.web.savedrequest.RequestCacheAwareFilter@3176553a, org.springframework.security.web.servletapi.SecurityContextHolderAwareRequestFilter@3d213a60, org.springframework.security.web.authentication.AnonymousAuthenticationFilter@75983c2d, org.springframework.security.web.session.SessionManagementFilter@e9c352c, org.springframework.security.web.access.ExceptionTranslationFilter@51b2ffd2, org.springframework.security.web.access.intercept.FilterSecurityInterceptor@1eb04261]
2020-09-17 10:16:51.033  INFO 2468 --- [restartedMain] o.s.s.web.DefaultSecurityFilterChain     : Creating filter chain: any request, [org.springframework.security.web.context.request.async.WebAsyncManagerIntegrationFilter@43edb209, org.springframework.security.web.context.SecurityContextPersistenceFilter@5d246729, org.springframework.security.web.header.HeaderWriterFilter@235e2a33, org.springframework.web.filter.CorsFilter@2c979e29, org.springframework.security.web.authentication.logout.LogoutFilter@36ff3e07, org.springframework.security.web.authentication.UsernamePasswordAuthenticationFilter@3d9a41fc, org.springframework.security.web.authentication.www.BasicAuthenticationFilter@3bdb37b7, org.springframework.security.web.savedrequest.RequestCacheAwareFilter@35c6e1f4, org.springframework.security.web.servletapi.SecurityContextHolderAwareRequestFilter@671b5acd, org.springframework.security.web.authentication.rememberme.RememberMeAuthenticationFilter@5116f8b8, org.springframework.security.web.authentication.AnonymousAuthenticationFilter@7b2fe5cf, org.springframework.security.web.session.SessionManagementFilter@19b6c3c7, org.springframework.security.web.access.ExceptionTranslationFilter@6731f77e, org.springframework.security.web.access.intercept.FilterSecurityInterceptor@b5468da]
2020-09-17 10:16:51.048  INFO 2468 --- [restartedMain] o.s.s.web.DefaultSecurityFilterChain     : Creating filter chain: org.springframework.security.oauth2.config.annotation.web.configuration.ResourceServerConfiguration$NotOAuthRequestMatcher@d0a0ca5, [org.springframework.security.web.context.request.async.WebAsyncManagerIntegrationFilter@681a4c59, org.springframework.security.web.context.SecurityContextPersistenceFilter@69eff9dd, org.springframework.security.web.header.HeaderWriterFilter@2f4dd915, org.springframework.security.web.authentication.logout.LogoutFilter@6bd624d2, org.springframework.security.oauth2.provider.authentication.OAuth2AuthenticationProcessingFilter@239897ee, org.springframework.security.web.savedrequest.RequestCacheAwareFilter@2adc10aa, org.springframework.security.web.servletapi.SecurityContextHolderAwareRequestFilter@6b18e195, org.springframework.security.web.authentication.AnonymousAuthenticationFilter@7aeb1f88, org.springframework.security.web.session.SessionManagementFilter@7d2d784c, org.springframework.security.web.access.ExceptionTranslationFilter@705664de, org.springframework.security.web.access.intercept.FilterSecurityInterceptor@9ae5334]
2020-09-17 10:16:51.253  INFO 2468 --- [restartedMain] o.s.s.c.ThreadPoolTaskScheduler          : Initializing ExecutorService 'taskScheduler'
2020-09-17 10:16:51.268  INFO 2468 --- [restartedMain] o.s.b.d.a.OptionalLiveReloadServer       : LiveReload server is running on port 35729
2020-09-17 10:16:51.504  INFO 2468 --- [restartedMain] o.s.b.w.embedded.tomcat.TomcatWebServer  : Tomcat started on port(s): 8188 (http) with context path ''
2020-09-17 10:16:51.724  INFO 2468 --- [restartedMain] top.iotequ.IotequStarterApplication      : Started IotequStarterApplication in 4.77 seconds (JVM running for 5.416)
2020-09-17 10:16:51.724  INFO 2468 --- [restartedMain] top.iotequ.svasclient.SvasService        : ---------- Svas version 3.0.1, licence = 2000000000
2020-09-17 10:16:51.740 ERROR 2468 --- [pool-1-thread-1] c.s.D10Device.protocol.DeviceControlApi  : logger open
2020-09-17 10:16:51.740 ERROR 2468 --- [pool-1-thread-1] c.s.D10Device.protocol.DeviceControlApi  : serverSocket port= 87 started
2020-09-17 10:16:51.778  INFO 2468 --- [http-nio-8188-exec-1] o.a.c.c.C.[Tomcat].[localhost].[/]       : Initializing Spring DispatcherServlet 'dispatcherServlet'
2020-09-17 10:16:51.778  INFO 2468 --- [http-nio-8188-exec-1] o.s.web.servlet.DispatcherServlet        : Initializing Servlet 'dispatcherServlet'
2020-09-17 10:16:51.778  INFO 2468 --- [http-nio-8188-exec-1] o.s.web.servlet.DispatcherServlet        : Completed initialization in 0 ms
2020-09-17 10:16:51.840  INFO 2468 --- [restartedMain] t.i.a.e.service.impl.AdEmployeeService   : ---------- attendance version,licence = 100
2020-09-17 10:16:51.887  INFO 2468 --- [Thread-19] t.i.r.service.impl.D10ClientService      : RegistNotify ok
2020-09-17 10:16:51.950  INFO 2468 --- [restartedMain] t.i.p.p.service.impl.PmPeopleService     : ---------- project version,licence = 10
2020-09-17 10:16:52.013  INFO 2468 --- [restartedMain] t.i.p.p.service.impl.PmProjectService    : ---------- project version,licence = 10
2020-09-17 10:16:52.123  INFO 2468 --- [restartedMain] t.i.r.service.impl.DevReaderService      : ---------- reader version,licence = 10
2020-09-17 10:17:07.645  INFO 2468 --- [SpringContextShutdownHook] o.s.s.c.ThreadPoolTaskScheduler          : Shutting down ExecutorService 'taskScheduler'
2020-09-17 10:17:07.645  INFO 2468 --- [SpringContextShutdownHook] o.s.s.concurrent.ThreadPoolTaskExecutor  : Shutting down ExecutorService 'applicationTaskExecutor'
2020-09-17 10:17:07.661  INFO 2468 --- [SpringContextShutdownHook] com.zaxxer.hikari.HikariDataSource       : HikariPool-1 - Shutdown initiated...
2020-09-17 10:17:07.661  INFO 2468 --- [SpringContextShutdownHook] com.zaxxer.hikari.HikariDataSource       : HikariPool-1 - Shutdown completed.
2020-09-17 10:26:31.287  INFO 16236 --- [restartedMain] top.iotequ.IotequStarterApplication      : Starting IotequStarterApplication on DESKTOP-9URD19E with PID 16236 (E:\J2EE\iotequ\3.0.1\starter\iotequstarter\target\classes started by qinyo in E:\J2EE\iotequ\3.0.1\starter)
2020-09-17 10:26:31.287  INFO 16236 --- [restartedMain] top.iotequ.IotequStarterApplication      : No active profile set, falling back to default profiles: default
2020-09-17 10:26:31.334  INFO 16236 --- [restartedMain] .e.DevToolsPropertyDefaultsPostProcessor : Devtools property defaults active! Set 'spring.devtools.add-properties' to 'false' to disable
2020-09-17 10:26:31.334  INFO 16236 --- [restartedMain] .e.DevToolsPropertyDefaultsPostProcessor : For additional web related logging consider setting the 'logging.level.web' property to 'DEBUG'
2020-09-17 10:26:32.165  INFO 16236 --- [restartedMain] .s.d.r.c.RepositoryConfigurationDelegate : Multiple Spring Data modules found, entering strict repository configuration mode!
2020-09-17 10:26:32.165  INFO 16236 --- [restartedMain] .s.d.r.c.RepositoryConfigurationDelegate : Bootstrapping Spring Data Redis repositories in DEFAULT mode.
2020-09-17 10:26:32.227  INFO 16236 --- [restartedMain] .s.d.r.c.RepositoryConfigurationDelegate : Finished Spring Data repository scanning in 59ms. Found 0 Redis repository interfaces.
2020-09-17 10:26:32.792  INFO 16236 --- [restartedMain] o.s.b.w.embedded.tomcat.TomcatWebServer  : Tomcat initialized with port(s): 8188 (http)
2020-09-17 10:26:32.807  INFO 16236 --- [restartedMain] o.apache.catalina.core.StandardService   : Starting service [Tomcat]
2020-09-17 10:26:32.807  INFO 16236 --- [restartedMain] org.apache.catalina.core.StandardEngine  : Starting Servlet engine: [Apache Tomcat/9.0.37]
2020-09-17 10:26:32.885  INFO 16236 --- [restartedMain] o.a.c.c.C.[Tomcat].[localhost].[/]       : Initializing Spring embedded WebApplicationContext
2020-09-17 10:26:32.885  INFO 16236 --- [restartedMain] w.s.c.ServletWebServerApplicationContext : Root WebApplicationContext: initialization completed in 1551 ms
2020-09-17 10:26:33.089  INFO 16236 --- [restartedMain] com.zaxxer.hikari.HikariDataSource       : HikariPool-1 - Starting...
2020-09-17 10:26:33.246  INFO 16236 --- [restartedMain] com.zaxxer.hikari.HikariDataSource       : HikariPool-1 - Start completed.
2020-09-17 10:26:34.121  INFO 16236 --- [restartedMain] top.iotequ.framework.bean.SpringContext  : Setup code = 35F8-32D8-296E-37C7-7C52-F069-6739-3930
2020-09-17 10:26:34.121  INFO 16236 --- [restartedMain] top.iotequ.framework.bean.SpringContext  : Home direction = E:\J2EE\iotequ\3.0.1\starter
2020-09-17 10:26:34.121  INFO 16236 --- [restartedMain] top.iotequ.framework.bean.SpringContext  : Node id = 9d01608c86604337bd3741327bf7ccfe
2020-09-17 10:26:34.121  INFO 16236 --- [restartedMain] top.iotequ.framework.bean.SpringContext  : ----------------------------------------------------------------------------------------------
2020-09-17 10:26:34.215  INFO 16236 --- [restartedMain] o.s.s.concurrent.ThreadPoolTaskExecutor  : Initializing ExecutorService 'applicationTaskExecutor'
2020-09-17 10:26:34.748  INFO 16236 --- [restartedMain] jni.svas                                 : Load native libary E:\J2EE\iotequ\3.0.1\starter\svas.dll ...
2020-09-17 10:26:34.748  INFO 16236 --- [restartedMain] jni.svas                                 : JNI_OnLoad successed.
2020-09-17 10:26:34.764  INFO 16236 --- [restartedMain] jni.svas                                 : Setup code = 35F8-32D8-296E-37C7-7C52-F069-6739-3930
2020-09-17 10:26:34.764  INFO 16236 --- [restartedMain] jni.svas                                 : Serial number = 2090-B663-7907-628A-2796-148D-6039-7195
2020-09-17 10:26:34.764  INFO 16236 --- [restartedMain] jni.svas                                 : Info:    thresh=380
2020-09-17 10:26:34.764  INFO 16236 --- [restartedMain] jni.svas                                 : Initial: Svas version 3.0.1(47c) starting(h=localhost:3306,u=root,p=root,d=iotequ3)...
2020-09-17 10:26:34.780  INFO 16236 --- [restartedMain] jni.svas                                 : Load all: records = 309, licence = 2000000000, licence available = 1999999895
2020-09-17 10:26:34.780  INFO 16236 --- [restartedMain] jni.svas                                 : Load all: put data total=309
2020-09-17 10:26:35.092  INFO 16236 --- [restartedMain] o.s.s.web.DefaultSecurityFilterChain     : Creating filter chain: Ant [pattern='/'], []
2020-09-17 10:26:35.092  INFO 16236 --- [restartedMain] o.s.s.web.DefaultSecurityFilterChain     : Creating filter chain: Ant [pattern='/m/**'], []
2020-09-17 10:26:35.092  INFO 16236 --- [restartedMain] o.s.s.web.DefaultSecurityFilterChain     : Creating filter chain: Ant [pattern='/res/**'], []
2020-09-17 10:26:35.092  INFO 16236 --- [restartedMain] o.s.s.web.DefaultSecurityFilterChain     : Creating filter chain: Ant [pattern='/common/**'], []
2020-09-17 10:26:35.108  INFO 16236 --- [restartedMain] o.s.s.web.DefaultSecurityFilterChain     : Creating filter chain: OrRequestMatcher [requestMatchers=[Ant [pattern='/oauth/token'], Ant [pattern='/oauth/token_key'], Ant [pattern='/oauth/check_token']]], [org.springframework.security.web.context.request.async.WebAsyncManagerIntegrationFilter@56b07c5f, org.springframework.security.web.context.SecurityContextPersistenceFilter@49c209ae, org.springframework.security.web.header.HeaderWriterFilter@79d4aec0, org.springframework.security.web.authentication.logout.LogoutFilter@16378d0e, org.springframework.security.oauth2.provider.client.ClientCredentialsTokenEndpointFilter@6d2c0531, org.springframework.security.web.authentication.www.BasicAuthenticationFilter@6e527759, org.springframework.security.web.savedrequest.RequestCacheAwareFilter@7c9795eb, org.springframework.security.web.servletapi.SecurityContextHolderAwareRequestFilter@76be5ed5, org.springframework.security.web.authentication.AnonymousAuthenticationFilter@1968b834, org.springframework.security.web.session.SessionManagementFilter@1dfbd26e, org.springframework.security.web.access.ExceptionTranslationFilter@1b86fb32, org.springframework.security.web.access.intercept.FilterSecurityInterceptor@7fd9f107]
2020-09-17 10:26:35.186  INFO 16236 --- [restartedMain] o.s.s.web.DefaultSecurityFilterChain     : Creating filter chain: any request, [org.springframework.security.web.context.request.async.WebAsyncManagerIntegrationFilter@3e1beb5c, org.springframework.security.web.context.SecurityContextPersistenceFilter@25a4e9a, org.springframework.security.web.header.HeaderWriterFilter@700de150, org.springframework.web.filter.CorsFilter@4577126a, org.springframework.security.web.authentication.logout.LogoutFilter@67ee4c25, org.springframework.security.web.authentication.UsernamePasswordAuthenticationFilter@35f091c, org.springframework.security.web.authentication.www.BasicAuthenticationFilter@4fdcc12b, org.springframework.security.web.savedrequest.RequestCacheAwareFilter@309c4fae, org.springframework.security.web.servletapi.SecurityContextHolderAwareRequestFilter@2f842f8c, org.springframework.security.web.authentication.rememberme.RememberMeAuthenticationFilter@29781334, org.springframework.security.web.authentication.AnonymousAuthenticationFilter@51d57618, org.springframework.security.web.session.SessionManagementFilter@42ab44e3, org.springframework.security.web.access.ExceptionTranslationFilter@77d8a58a, org.springframework.security.web.access.intercept.FilterSecurityInterceptor@5ab736bb]
2020-09-17 10:26:35.186  INFO 16236 --- [restartedMain] o.s.s.web.DefaultSecurityFilterChain     : Creating filter chain: org.springframework.security.oauth2.config.annotation.web.configuration.ResourceServerConfiguration$NotOAuthRequestMatcher@4e22a3b0, [org.springframework.security.web.context.request.async.WebAsyncManagerIntegrationFilter@10cba481, org.springframework.security.web.context.SecurityContextPersistenceFilter@1524815c, org.springframework.security.web.header.HeaderWriterFilter@955db00, org.springframework.security.web.authentication.logout.LogoutFilter@65f062cc, org.springframework.security.oauth2.provider.authentication.OAuth2AuthenticationProcessingFilter@71e7a0c6, org.springframework.security.web.savedrequest.RequestCacheAwareFilter@5828338e, org.springframework.security.web.servletapi.SecurityContextHolderAwareRequestFilter@7f826e50, org.springframework.security.web.authentication.AnonymousAuthenticationFilter@bee19b7, org.springframework.security.web.session.SessionManagementFilter@284060cc, org.springframework.security.web.access.ExceptionTranslationFilter@230dc987, org.springframework.security.web.access.intercept.FilterSecurityInterceptor@37b7fef1]
2020-09-17 10:26:35.389  INFO 16236 --- [restartedMain] o.s.s.c.ThreadPoolTaskScheduler          : Initializing ExecutorService 'taskScheduler'
2020-09-17 10:26:35.405  INFO 16236 --- [restartedMain] o.s.b.d.a.OptionalLiveReloadServer       : LiveReload server is running on port 35729
2020-09-17 10:26:35.640  INFO 16236 --- [restartedMain] o.s.b.w.embedded.tomcat.TomcatWebServer  : Tomcat started on port(s): 8188 (http) with context path ''
2020-09-17 10:26:35.843  INFO 16236 --- [restartedMain] top.iotequ.IotequStarterApplication      : Started IotequStarterApplication in 4.886 seconds (JVM running for 5.535)
2020-09-17 10:26:35.860  INFO 16236 --- [restartedMain] top.iotequ.svasclient.SvasService        : ---------- Svas version 3.0.1, licence = 2000000000
2020-09-17 10:26:35.860 ERROR 16236 --- [pool-1-thread-1] c.s.D10Device.protocol.DeviceControlApi  : logger open
2020-09-17 10:26:35.860 ERROR 16236 --- [pool-1-thread-1] c.s.D10Device.protocol.DeviceControlApi  : serverSocket port= 87 started
2020-09-17 10:26:35.907  INFO 16236 --- [http-nio-8188-exec-1] o.a.c.c.C.[Tomcat].[localhost].[/]       : Initializing Spring DispatcherServlet 'dispatcherServlet'
2020-09-17 10:26:35.907  INFO 16236 --- [http-nio-8188-exec-1] o.s.web.servlet.DispatcherServlet        : Initializing Servlet 'dispatcherServlet'
2020-09-17 10:26:35.907  INFO 16236 --- [http-nio-8188-exec-1] o.s.web.servlet.DispatcherServlet        : Completed initialization in 0 ms
2020-09-17 10:26:35.954  INFO 16236 --- [restartedMain] t.i.a.e.service.impl.AdEmployeeService   : ---------- attendance version,licence = 100
2020-09-17 10:26:36.016  INFO 16236 --- [Thread-20] t.i.r.service.impl.D10ClientService      : RegistNotify ok
2020-09-17 10:26:36.063  INFO 16236 --- [restartedMain] t.i.p.p.service.impl.PmPeopleService     : ---------- project version,licence = 10
2020-09-17 10:26:36.143  INFO 16236 --- [restartedMain] t.i.p.p.service.impl.PmProjectService    : ---------- project version,licence = 10
2020-09-17 10:26:36.237  INFO 16236 --- [restartedMain] t.i.r.service.impl.DevReaderService      : ---------- reader version,licence = 10
2020-09-17 10:30:20.493  INFO 16236 --- [SpringContextShutdownHook] o.s.s.c.ThreadPoolTaskScheduler          : Shutting down ExecutorService 'taskScheduler'
2020-09-17 10:30:20.493  INFO 16236 --- [SpringContextShutdownHook] o.s.s.concurrent.ThreadPoolTaskExecutor  : Shutting down ExecutorService 'applicationTaskExecutor'
2020-09-17 10:30:20.509  INFO 16236 --- [SpringContextShutdownHook] com.zaxxer.hikari.HikariDataSource       : HikariPool-1 - Shutdown initiated...
2020-09-17 10:30:20.509  INFO 16236 --- [SpringContextShutdownHook] com.zaxxer.hikari.HikariDataSource       : HikariPool-1 - Shutdown completed.
2020-09-17 10:30:43.376  INFO 2956 --- [restartedMain] top.iotequ.IotequStarterApplication      : Starting IotequStarterApplication on DESKTOP-9URD19E with PID 2956 (E:\J2EE\iotequ\3.0.1\starter\iotequstarter\target\classes started by qinyo in E:\J2EE\iotequ\3.0.1\starter)
2020-09-17 10:30:43.376  INFO 2956 --- [restartedMain] top.iotequ.IotequStarterApplication      : No active profile set, falling back to default profiles: default
2020-09-17 10:30:43.407  INFO 2956 --- [restartedMain] .e.DevToolsPropertyDefaultsPostProcessor : Devtools property defaults active! Set 'spring.devtools.add-properties' to 'false' to disable
2020-09-17 10:30:43.407  INFO 2956 --- [restartedMain] .e.DevToolsPropertyDefaultsPostProcessor : For additional web related logging consider setting the 'logging.level.web' property to 'DEBUG'
2020-09-17 10:30:44.207  INFO 2956 --- [restartedMain] .s.d.r.c.RepositoryConfigurationDelegate : Multiple Spring Data modules found, entering strict repository configuration mode!
2020-09-17 10:30:44.207  INFO 2956 --- [restartedMain] .s.d.r.c.RepositoryConfigurationDelegate : Bootstrapping Spring Data Redis repositories in DEFAULT mode.
2020-09-17 10:30:44.270  INFO 2956 --- [restartedMain] .s.d.r.c.RepositoryConfigurationDelegate : Finished Spring Data repository scanning in 49ms. Found 0 Redis repository interfaces.
2020-09-17 10:30:44.817  INFO 2956 --- [restartedMain] o.s.b.w.embedded.tomcat.TomcatWebServer  : Tomcat initialized with port(s): 8188 (http)
2020-09-17 10:30:44.832  INFO 2956 --- [restartedMain] o.apache.catalina.core.StandardService   : Starting service [Tomcat]
2020-09-17 10:30:44.832  INFO 2956 --- [restartedMain] org.apache.catalina.core.StandardEngine  : Starting Servlet engine: [Apache Tomcat/9.0.37]
2020-09-17 10:30:44.895  INFO 2956 --- [restartedMain] o.a.c.c.C.[Tomcat].[localhost].[/]       : Initializing Spring embedded WebApplicationContext
2020-09-17 10:30:44.895  INFO 2956 --- [restartedMain] w.s.c.ServletWebServerApplicationContext : Root WebApplicationContext: initialization completed in 1488 ms
2020-09-17 10:30:45.115  INFO 2956 --- [restartedMain] com.zaxxer.hikari.HikariDataSource       : HikariPool-1 - Starting...
2020-09-17 10:30:45.271  INFO 2956 --- [restartedMain] com.zaxxer.hikari.HikariDataSource       : HikariPool-1 - Start completed.
2020-09-17 10:30:46.147  INFO 2956 --- [restartedMain] top.iotequ.framework.bean.SpringContext  : Setup code = 35F8-32D8-296E-37C7-7C52-F069-6739-3930
2020-09-17 10:30:46.147  INFO 2956 --- [restartedMain] top.iotequ.framework.bean.SpringContext  : Home direction = E:\J2EE\iotequ\3.0.1\starter
2020-09-17 10:30:46.147  INFO 2956 --- [restartedMain] top.iotequ.framework.bean.SpringContext  : Node id = 6f5f80d0e0864940b81791ff3012e3dc
2020-09-17 10:30:46.147  INFO 2956 --- [restartedMain] top.iotequ.framework.bean.SpringContext  : ----------------------------------------------------------------------------------------------
2020-09-17 10:30:46.241  INFO 2956 --- [restartedMain] o.s.s.concurrent.ThreadPoolTaskExecutor  : Initializing ExecutorService 'applicationTaskExecutor'
2020-09-17 10:30:46.728  INFO 2956 --- [restartedMain] jni.svas                                 : Load native libary E:\J2EE\iotequ\3.0.1\starter\svas.dll ...
2020-09-17 10:30:46.728  INFO 2956 --- [restartedMain] jni.svas                                 : JNI_OnLoad successed.
2020-09-17 10:30:46.743  INFO 2956 --- [restartedMain] jni.svas                                 : Setup code = 35F8-32D8-296E-37C7-7C52-F069-6739-3930
2020-09-17 10:30:46.743  INFO 2956 --- [restartedMain] jni.svas                                 : Serial number = 2090-B663-7907-628A-2796-148D-6039-7195
2020-09-17 10:30:46.743  INFO 2956 --- [restartedMain] jni.svas                                 : Info:    thresh=380
2020-09-17 10:30:46.743  INFO 2956 --- [restartedMain] jni.svas                                 : Initial: Svas version 3.0.1(47c) starting(h=localhost:3306,u=root,p=root,d=iotequ3)...
2020-09-17 10:30:46.759  INFO 2956 --- [restartedMain] jni.svas                                 : Load all: records = 309, licence = 2000000000, licence available = 1999999895
2020-09-17 10:30:46.759  INFO 2956 --- [restartedMain] jni.svas                                 : Load all: put data total=309
2020-09-17 10:30:47.087  INFO 2956 --- [restartedMain] o.s.s.web.DefaultSecurityFilterChain     : Creating filter chain: Ant [pattern='/'], []
2020-09-17 10:30:47.087  INFO 2956 --- [restartedMain] o.s.s.web.DefaultSecurityFilterChain     : Creating filter chain: Ant [pattern='/m/**'], []
2020-09-17 10:30:47.087  INFO 2956 --- [restartedMain] o.s.s.web.DefaultSecurityFilterChain     : Creating filter chain: Ant [pattern='/res/**'], []
2020-09-17 10:30:47.087  INFO 2956 --- [restartedMain] o.s.s.web.DefaultSecurityFilterChain     : Creating filter chain: Ant [pattern='/common/**'], []
2020-09-17 10:30:47.118  INFO 2956 --- [restartedMain] o.s.s.web.DefaultSecurityFilterChain     : Creating filter chain: OrRequestMatcher [requestMatchers=[Ant [pattern='/oauth/token'], Ant [pattern='/oauth/token_key'], Ant [pattern='/oauth/check_token']]], [org.springframework.security.web.context.request.async.WebAsyncManagerIntegrationFilter@51b8ab1c, org.springframework.security.web.context.SecurityContextPersistenceFilter@6b4e732, org.springframework.security.web.header.HeaderWriterFilter@9936715, org.springframework.security.web.authentication.logout.LogoutFilter@f439e03, org.springframework.security.oauth2.provider.client.ClientCredentialsTokenEndpointFilter@35c6e1f4, org.springframework.security.web.authentication.www.BasicAuthenticationFilter@4fe521d7, org.springframework.security.web.savedrequest.RequestCacheAwareFilter@5fe46349, org.springframework.security.web.servletapi.SecurityContextHolderAwareRequestFilter@419c97c6, org.springframework.security.web.authentication.AnonymousAuthenticationFilter@546724, org.springframework.security.web.session.SessionManagementFilter@8326954, org.springframework.security.web.access.ExceptionTranslationFilter@147df44e, org.springframework.security.web.access.intercept.FilterSecurityInterceptor@55bd9b6d]
2020-09-17 10:30:47.181  INFO 2956 --- [restartedMain] o.s.s.web.DefaultSecurityFilterChain     : Creating filter chain: any request, [org.springframework.security.web.context.request.async.WebAsyncManagerIntegrationFilter@7ba2f76e, org.springframework.security.web.context.SecurityContextPersistenceFilter@3250473c, org.springframework.security.web.header.HeaderWriterFilter@6d3c7fcf, org.springframework.web.filter.CorsFilter@50d35f83, org.springframework.security.web.authentication.logout.LogoutFilter@7abaf39d, org.springframework.security.web.authentication.UsernamePasswordAuthenticationFilter@25b1dd64, org.springframework.security.web.authentication.www.BasicAuthenticationFilter@71d477e2, org.springframework.security.web.savedrequest.RequestCacheAwareFilter@33358239, org.springframework.security.web.servletapi.SecurityContextHolderAwareRequestFilter@3d795197, org.springframework.security.web.authentication.rememberme.RememberMeAuthenticationFilter@4d2a49a1, org.springframework.security.web.authentication.AnonymousAuthenticationFilter@1128abff, org.springframework.security.web.session.SessionManagementFilter@4056e77d, org.springframework.security.web.access.ExceptionTranslationFilter@7adf6768, org.springframework.security.web.access.intercept.FilterSecurityInterceptor@68fa68a1]
2020-09-17 10:30:47.181  INFO 2956 --- [restartedMain] o.s.s.web.DefaultSecurityFilterChain     : Creating filter chain: org.springframework.security.oauth2.config.annotation.web.configuration.ResourceServerConfiguration$NotOAuthRequestMatcher@7c9242df, [org.springframework.security.web.context.request.async.WebAsyncManagerIntegrationFilter@4c1288d8, org.springframework.security.web.context.SecurityContextPersistenceFilter@4108335e, org.springframework.security.web.header.HeaderWriterFilter@400a3759, org.springframework.security.web.authentication.logout.LogoutFilter@3e9bf381, org.springframework.security.oauth2.provider.authentication.OAuth2AuthenticationProcessingFilter@2e93f8cf, org.springframework.security.web.savedrequest.RequestCacheAwareFilter@2972e8de, org.springframework.security.web.servletapi.SecurityContextHolderAwareRequestFilter@38d3a256, org.springframework.security.web.authentication.AnonymousAuthenticationFilter@61322c, org.springframework.security.web.session.SessionManagementFilter@53fab4dd, org.springframework.security.web.access.ExceptionTranslationFilter@61dd1f0, org.springframework.security.web.access.intercept.FilterSecurityInterceptor@5b15d266]
2020-09-17 10:30:47.400  INFO 2956 --- [restartedMain] o.s.s.c.ThreadPoolTaskScheduler          : Initializing ExecutorService 'taskScheduler'
2020-09-17 10:30:47.415  INFO 2956 --- [restartedMain] o.s.b.d.a.OptionalLiveReloadServer       : LiveReload server is running on port 35729
2020-09-17 10:30:47.634  INFO 2956 --- [restartedMain] o.s.b.w.embedded.tomcat.TomcatWebServer  : Tomcat started on port(s): 8188 (http) with context path ''
2020-09-17 10:30:47.869  INFO 2956 --- [restartedMain] top.iotequ.IotequStarterApplication      : Started IotequStarterApplication in 4.79 seconds (JVM running for 5.496)
2020-09-17 10:30:47.869  INFO 2956 --- [restartedMain] top.iotequ.svasclient.SvasService        : ---------- Svas version 3.0.1, licence = 2000000000
2020-09-17 10:30:47.869 ERROR 2956 --- [pool-1-thread-1] c.s.D10Device.protocol.DeviceControlApi  : logger open
2020-09-17 10:30:47.869 ERROR 2956 --- [pool-1-thread-1] c.s.D10Device.protocol.DeviceControlApi  : serverSocket port= 87 started
2020-09-17 10:30:47.916  INFO 2956 --- [http-nio-8188-exec-1] o.a.c.c.C.[Tomcat].[localhost].[/]       : Initializing Spring DispatcherServlet 'dispatcherServlet'
2020-09-17 10:30:47.916  INFO 2956 --- [http-nio-8188-exec-1] o.s.web.servlet.DispatcherServlet        : Initializing Servlet 'dispatcherServlet'
2020-09-17 10:30:47.916  INFO 2956 --- [http-nio-8188-exec-1] o.s.web.servlet.DispatcherServlet        : Completed initialization in 0 ms
2020-09-17 10:30:47.963  INFO 2956 --- [restartedMain] t.i.a.e.service.impl.AdEmployeeService   : ---------- attendance version,licence = 100
2020-09-17 10:30:48.026  INFO 2956 --- [Thread-20] t.i.r.service.impl.D10ClientService      : RegistNotify ok
2020-09-17 10:30:48.074  INFO 2956 --- [restartedMain] t.i.p.p.service.impl.PmPeopleService     : ---------- project version,licence = 10
2020-09-17 10:30:48.152  INFO 2956 --- [restartedMain] t.i.p.p.service.impl.PmProjectService    : ---------- project version,licence = 10
2020-09-17 10:30:48.261  INFO 2956 --- [restartedMain] t.i.r.service.impl.DevReaderService      : ---------- reader version,licence = 10
2020-09-17 11:38:05.864  INFO 2956 --- [SpringContextShutdownHook] o.s.s.c.ThreadPoolTaskScheduler          : Shutting down ExecutorService 'taskScheduler'
2020-09-17 11:38:05.864  INFO 2956 --- [SpringContextShutdownHook] o.s.s.concurrent.ThreadPoolTaskExecutor  : Shutting down ExecutorService 'applicationTaskExecutor'
2020-09-17 11:38:05.914  INFO 2956 --- [SpringContextShutdownHook] com.zaxxer.hikari.HikariDataSource       : HikariPool-1 - Shutdown initiated...
2020-09-17 11:38:05.924  INFO 2956 --- [SpringContextShutdownHook] com.zaxxer.hikari.HikariDataSource       : HikariPool-1 - Shutdown completed.
