Current folder : /home/qinyoyo/ls

  .   ____          _            __ _ _
 /\\ / ___'_ __ _ _(_)_ __  __ _ \ \ \ \
( ( )\___ | '_ | '_| | '_ \/ _` | \ \ \ \
 \\/  ___)| |_)| | | | | || (_| |  ) ) ) )
  '  |____| .__|_| |_|_| |_\__, | / / / /
 =========|_|==============|___/=/_/_/_/
 :: Spring Boot ::        (v2.3.3.RELEASE)

2021-10-14 17:14:51.875  INFO 5581 --- [           main] top.iotequ.SvasApplication               : Starting SvasApplication v3.2.0-SNAPSHOT on DESKTOP-9URD19E with PID 5581 (/home/qinyoyo/ls/svas.jar started by qinyoyo in /home/qinyoyo/ls)
2021-10-14 17:14:51.877  INFO 5581 --- [           main] top.iotequ.SvasApplication               : No active profile set, falling back to default profiles: default
2021-10-14 17:14:52.763  INFO 5581 --- [           main] o.s.b.w.embedded.tomcat.TomcatWebServer  : Tomcat initialized with port(s): 8188 (http)
2021-10-14 17:14:52.776  INFO 5581 --- [           main] o.apache.catalina.core.StandardService   : Starting service [Tomcat]
2021-10-14 17:14:52.777  INFO 5581 --- [           main] org.apache.catalina.core.StandardEngine  : Starting Servlet engine: [Apache Tomcat/9.0.37]
2021-10-14 17:14:52.847  INFO 5581 --- [           main] o.a.c.c.C.[Tomcat].[localhost].[/]       : Initializing Spring embedded WebApplicationContext
2021-10-14 17:14:52.848  INFO 5581 --- [           main] w.s.c.ServletWebServerApplicationContext : Root WebApplicationContext: initialization completed in 914 ms
2021-10-14 17:14:52.944  INFO 5581 --- [           main] jni.svas                                 : Load native libary /home/qinyoyo/ls/svas.so ...
2021-10-14 17:14:52 INFO <pid=5581 tid=594937600>:JNI_OnLoad: GetEnv OK
2021-10-14 17:14:52.955  INFO 5581 --- [           main] jni.svas                                 : JNI_OnLoad successed.
2021-10-14 17:14:53.040  INFO 5581 --- [           main] jni.svas                                 : Setup code = FBD5-3936-2D30-382D-3032-416F-5461-6E67
2021-10-14 17:14:53.040  INFO 5581 --- [           main] jni.svas                                 : Serial number = 
2021-10-14 17:14:53.040 ERROR 5581 --- [           main] jni.svas                                 : [util.cpp(362)] Product not activited.
2021-10-14 17:14:53.040  INFO 5581 --- [           main] jni.svas                                 : Use trial version. 107 days left, licence = 100
2021-10-14 17:14:53.041  INFO 5581 --- [           main] jni.svas                                 : Info:    thresh=380
2021-10-14 17:14:53.041  INFO 5581 --- [           main] jni.svas                                 : Initial: Svas version 3.0.1(47c) starting(h=127.0.0.1:3306,u=root,p=root,d=svas)...
2021-10-14 17:14:53.060  INFO 5581 --- [           main] jni.svas                                 : Load all: records = 3, licence = 1000, licence available = 999
2021-10-14 17:14:53.060  INFO 5581 --- [           main] jni.svas                                 : Load all: put data total=3
2021-10-14 17:14:53.200  INFO 5581 --- [           main] o.s.s.concurrent.ThreadPoolTaskExecutor  : Initializing ExecutorService 'applicationTaskExecutor'
2021-10-14 17:14:53.472  INFO 5581 --- [           main] o.s.b.w.embedded.tomcat.TomcatWebServer  : Tomcat started on port(s): 8188 (http) with context path ''
2021-10-14 17:14:53.484  INFO 5581 --- [           main] top.iotequ.SvasApplication               : Started SvasApplication in 2.102 seconds (JVM running for 2.576)
2021-10-14 17:14:57.896  INFO 5581 --- [extShutdownHook] o.s.s.concurrent.ThreadPoolTaskExecutor  : Shutting down ExecutorService 'applicationTaskExecutor'
